Determining if the pthread_create exist failed with the following output:
Change Dir: /home/hinson/Desktop/TestCode/protobuf_cmake3_example/src/build/CMakeFiles/CMakeTmp

Run Build Command:"/usr/bin/make" "cmTC_99dc2/fast"
/usr/bin/make -f CMakeFiles/cmTC_99dc2.dir/build.make CMakeFiles/cmTC_99dc2.dir/build
make[1]: Entering directory '/home/hinson/Desktop/TestCode/protobuf_cmake3_example/src/build/CMakeFiles/CMakeTmp'
Building C object CMakeFiles/cmTC_99dc2.dir/CheckSymbolExists.c.o
/usr/bin/cc    -o CMakeFiles/cmTC_99dc2.dir/CheckSymbolExists.c.o   -c /home/hinson/Desktop/TestCode/protobuf_cmake3_example/src/build/CMakeFiles/CMakeTmp/CheckSymbolExists.c
Linking C executable cmTC_99dc2
/usr/bin/cmake -E cmake_link_script CMakeFiles/cmTC_99dc2.dir/link.txt --verbose=1
/usr/bin/cc      CMakeFiles/cmTC_99dc2.dir/CheckSymbolExists.c.o  -o cmTC_99dc2 
CMakeFiles/cmTC_99dc2.dir/CheckSymbolExists.c.o: In function `main':
CheckSymbolExists.c:(.text+0x1b): undefined reference to `pthread_create'
collect2: error: ld returned 1 exit status
CMakeFiles/cmTC_99dc2.dir/build.make:97: recipe for target 'cmTC_99dc2' failed
make[1]: *** [cmTC_99dc2] Error 1
make[1]: Leaving directory '/home/hinson/Desktop/TestCode/protobuf_cmake3_example/src/build/CMakeFiles/CMakeTmp'
Makefile:126: recipe for target 'cmTC_99dc2/fast' failed
make: *** [cmTC_99dc2/fast] Error 2

File /home/hinson/Desktop/TestCode/protobuf_cmake3_example/src/build/CMakeFiles/CMakeTmp/CheckSymbolExists.c:
/* */
#include <pthread.h>

int main(int argc, char** argv)
{
  (void)argv;
#ifndef pthread_create
  return ((int*)(&pthread_create))[argc];
#else
  (void)argc;
  return 0;
#endif
}

Determining if the function pthread_create exists in the pthreads failed with the following output:
Change Dir: /home/hinson/Desktop/TestCode/protobuf_cmake3_example/src/build/CMakeFiles/CMakeTmp

Run Build Command:"/usr/bin/make" "cmTC_fada6/fast"
/usr/bin/make -f CMakeFiles/cmTC_fada6.dir/build.make CMakeFiles/cmTC_fada6.dir/build
make[1]: Entering directory '/home/hinson/Desktop/TestCode/protobuf_cmake3_example/src/build/CMakeFiles/CMakeTmp'
Building C object CMakeFiles/cmTC_fada6.dir/CheckFunctionExists.c.o
/usr/bin/cc   -DCHECK_FUNCTION_EXISTS=pthread_create   -o CMakeFiles/cmTC_fada6.dir/CheckFunctionExists.c.o   -c /usr/share/cmake-3.10/Modules/CheckFunctionExists.c
Linking C executable cmTC_fada6
/usr/bin/cmake -E cmake_link_script CMakeFiles/cmTC_fada6.dir/link.txt --verbose=1
/usr/bin/cc  -DCHECK_FUNCTION_EXISTS=pthread_create    CMakeFiles/cmTC_fada6.dir/CheckFunctionExists.c.o  -o cmTC_fada6 -lpthreads 
/usr/bin/ld: cannot find -lpthreads
collect2: error: ld returned 1 exit status
CMakeFiles/cmTC_fada6.dir/build.make:97: recipe for target 'cmTC_fada6' failed
make[1]: *** [cmTC_fada6] Error 1
make[1]: Leaving directory '/home/hinson/Desktop/TestCode/protobuf_cmake3_example/src/build/CMakeFiles/CMakeTmp'
Makefile:126: recipe for target 'cmTC_fada6/fast' failed
make: *** [cmTC_fada6/fast] Error 2


