Determining if the pthread_create exist failed with the following output:
Change Dir: /home/hinson/Desktop/TestCode/src/build/CMakeFiles/CMakeTmp

Run Build Command:"/usr/bin/make" "cmTC_445ad/fast"
/usr/bin/make -f CMakeFiles/cmTC_445ad.dir/build.make CMakeFiles/cmTC_445ad.dir/build
make[1]: Entering directory '/home/hinson/Desktop/TestCode/src/build/CMakeFiles/CMakeTmp'
Building C object CMakeFiles/cmTC_445ad.dir/CheckSymbolExists.c.o
/usr/bin/cc    -o CMakeFiles/cmTC_445ad.dir/CheckSymbolExists.c.o   -c /home/hinson/Desktop/TestCode/src/build/CMakeFiles/CMakeTmp/CheckSymbolExists.c
Linking C executable cmTC_445ad
/usr/bin/cmake -E cmake_link_script CMakeFiles/cmTC_445ad.dir/link.txt --verbose=1
/usr/bin/cc      CMakeFiles/cmTC_445ad.dir/CheckSymbolExists.c.o  -o cmTC_445ad 
CMakeFiles/cmTC_445ad.dir/CheckSymbolExists.c.o: In function `main':
CheckSymbolExists.c:(.text+0x1b): undefined reference to `pthread_create'
collect2: error: ld returned 1 exit status
CMakeFiles/cmTC_445ad.dir/build.make:97: recipe for target 'cmTC_445ad' failed
make[1]: *** [cmTC_445ad] Error 1
make[1]: Leaving directory '/home/hinson/Desktop/TestCode/src/build/CMakeFiles/CMakeTmp'
Makefile:126: recipe for target 'cmTC_445ad/fast' failed
make: *** [cmTC_445ad/fast] Error 2

File /home/hinson/Desktop/TestCode/src/build/CMakeFiles/CMakeTmp/CheckSymbolExists.c:
/* */
#include <pthread.h>

int main(int argc, char** argv)
{
  (void)argv;
#ifndef pthread_create
  return ((int*)(&pthread_create))[argc];
#else
  (void)argc;
  return 0;
#endif
}

Determining if the function pthread_create exists in the pthreads failed with the following output:
Change Dir: /home/hinson/Desktop/TestCode/src/build/CMakeFiles/CMakeTmp

Run Build Command:"/usr/bin/make" "cmTC_8f114/fast"
/usr/bin/make -f CMakeFiles/cmTC_8f114.dir/build.make CMakeFiles/cmTC_8f114.dir/build
make[1]: Entering directory '/home/hinson/Desktop/TestCode/src/build/CMakeFiles/CMakeTmp'
Building C object CMakeFiles/cmTC_8f114.dir/CheckFunctionExists.c.o
/usr/bin/cc   -DCHECK_FUNCTION_EXISTS=pthread_create   -o CMakeFiles/cmTC_8f114.dir/CheckFunctionExists.c.o   -c /usr/share/cmake-3.10/Modules/CheckFunctionExists.c
Linking C executable cmTC_8f114
/usr/bin/cmake -E cmake_link_script CMakeFiles/cmTC_8f114.dir/link.txt --verbose=1
/usr/bin/cc  -DCHECK_FUNCTION_EXISTS=pthread_create    CMakeFiles/cmTC_8f114.dir/CheckFunctionExists.c.o  -o cmTC_8f114 -lpthreads 
/usr/bin/ld: cannot find -lpthreads
collect2: error: ld returned 1 exit status
CMakeFiles/cmTC_8f114.dir/build.make:97: recipe for target 'cmTC_8f114' failed
make[1]: *** [cmTC_8f114] Error 1
make[1]: Leaving directory '/home/hinson/Desktop/TestCode/src/build/CMakeFiles/CMakeTmp'
Makefile:126: recipe for target 'cmTC_8f114/fast' failed
make: *** [cmTC_8f114/fast] Error 2


